[2026-04-01 01:43:39,157: INFO: test_metrics: Using device: cuda]
[2026-04-01 01:43:39,576: INFO: test_metrics: Models loaded successfully.]
[2026-04-01 01:43:39,577: INFO: test_metrics: Loaded 20 random testing images from test_images]
[2026-04-01 01:43:39,577: INFO: test_metrics: Evaluating metrics over 20 images...]
[2026-04-01 01:43:40,322: INFO: test_metrics: Idx 1: img_10.jpg evaluated.]
[2026-04-01 01:43:40,799: INFO: test_metrics: Idx 2: img_0.jpg evaluated.]
[2026-04-01 01:43:41,288: INFO: test_metrics: Idx 3: img_11.jpg evaluated.]
[2026-04-01 01:43:41,759: INFO: test_metrics: Idx 4: img_18.jpg evaluated.]
[2026-04-01 01:43:42,261: INFO: test_metrics: Idx 5: img_19.jpg evaluated.]
[2026-04-01 01:43:42,748: INFO: test_metrics: Idx 6: img_3.jpg evaluated.]
[2026-04-01 01:43:43,215: INFO: test_metrics: Idx 7: img_14.jpg evaluated.]
[2026-04-01 01:43:43,679: INFO: test_metrics: Idx 8: img_9.jpg evaluated.]
[2026-04-01 01:43:44,149: INFO: test_metrics: Idx 9: img_12.jpg evaluated.]
[2026-04-01 01:43:44,608: INFO: test_metrics: Idx 10: img_5.jpg evaluated.]
[2026-04-01 01:43:45,068: INFO: test_metrics: Idx 11: img_4.jpg evaluated.]
[2026-04-01 01:43:45,529: INFO: test_metrics: Idx 12: img_15.jpg evaluated.]
[2026-04-01 01:43:45,998: INFO: test_metrics: Idx 13: img_6.jpg evaluated.]
[2026-04-01 01:43:46,484: INFO: test_metrics: Idx 14: img_2.jpg evaluated.]
[2026-04-01 01:43:46,940: INFO: test_metrics: Idx 15: img_7.jpg evaluated.]
[2026-04-01 01:43:47,398: INFO: test_metrics: Idx 16: img_17.jpg evaluated.]
[2026-04-01 01:43:47,856: INFO: test_metrics: Idx 17: img_1.jpg evaluated.]
[2026-04-01 01:43:48,314: INFO: test_metrics: Idx 18: img_16.jpg evaluated.]
[2026-04-01 01:43:48,772: INFO: test_metrics: Idx 19: img_8.jpg evaluated.]
[2026-04-01 01:43:49,255: INFO: test_metrics: Idx 20: img_13.jpg evaluated.]
[2026-04-01 01:43:49,255: INFO: test_metrics: 
==================================================]
[2026-04-01 01:43:49,255: INFO: test_metrics: FINAL MEAN METRICS FOR 20 IMAGES:]
[2026-04-01 01:43:49,255: INFO: test_metrics: ==================================================]
[2026-04-01 01:43:49,255: INFO: test_metrics: --- BICUBIC ---]
[2026-04-01 01:43:49,255: INFO: test_metrics: Mean PSNR:    28.76 dB]
[2026-04-01 01:43:49,255: INFO: test_metrics: Mean SSIM:    0.8073]
[2026-04-01 01:43:49,255: INFO: test_metrics: Mean Latency: 2.1 ms]
[2026-04-01 01:43:49,255: INFO: test_metrics: -------------------------]
[2026-04-01 01:43:49,256: INFO: test_metrics: --- SRCNN ---]
[2026-04-01 01:43:49,256: INFO: test_metrics: Mean PSNR:    26.21 dB]
[2026-04-01 01:43:49,256: INFO: test_metrics: Mean SSIM:    0.7948]
[2026-04-01 01:43:49,256: INFO: test_metrics: Mean Latency: 19.1 ms]
[2026-04-01 01:43:49,256: INFO: test_metrics: -------------------------]
[2026-04-01 01:43:49,256: INFO: test_metrics: --- SRGAN ---]
[2026-04-01 01:43:49,256: INFO: test_metrics: Mean PSNR:    25.62 dB]
[2026-04-01 01:43:49,256: INFO: test_metrics: Mean SSIM:    0.7489]
[2026-04-01 01:43:49,256: INFO: test_metrics: Mean Latency: 99.3 ms]
[2026-04-01 01:43:49,256: INFO: test_metrics: -------------------------]
